   WELCOME TO FRUIT MARKET
                        1) Manager
                        2) Customer
Enter your role: 1
                        Fruit Market Manager
                        1) Add Fruit Stock
                        2) View Fruit Stock
                        3) Update Fruit Stock
Enter your choice: 1
ADD FRUIT STOCK
Enter fruit name: watermelon
Enter quantity (in kg): 5
Enter price: 90
Do you want to perform more operations? (Press 'y' for yes and 'n' for no): y
                        Fruit Market Manager
                        1) Add Fruit Stock
                        2) View Fruit Stock
                        3) Update Fruit Stock
Enter your choice: 2
{'watermelon': {'qty': 5, 'price': 90}}
Do you want to perform more operations? (Press 'y' for yes and 'n' for no): y
                        Fruit Market Manager
                        1) Add Fruit Stock
                        2) View Fruit Stock
                        3) Update Fruit Stock
Enter your choice: 1
ADD FRUIT STOCK
Enter fruit name: pineapple
Enter quantity (in kg): 3
Enter price: 120
Do you want to perform more operations? (Press 'y' for yes and 'n' for no): n